<?xml version="1.0" encoding="UTF-8"?>
<testng-results total="1" passed="1" failed="0" skipped="0">
  <reporter-output>
    <line>
      <![CDATA[Application opened]]>
    </line>
    <line>
      <![CDATA[Application closed]]>
    </line>
  </reporter-output>
  <suite started-at="2022-10-18T06:53:30Z" name="Default suite" finished-at="2022-10-18T06:53:36Z" duration-ms="6170">
    <groups>
    </groups>
    <test started-at="2022-10-18T06:53:30Z" name="Default test" finished-at="2022-10-18T06:53:36Z" duration-ms="6170">
      <class name="com.hrms.testscripts.TC001">
        <test-method signature="tc001()[pri:0, instance:com.hrms.testscripts.TC001@4ebff610]" started-at="2022-10-18T12:23:30Z" name="tc001" finished-at="2022-10-18T12:23:36Z" duration-ms="6157" status="PASS">
          <reporter-output>
            <line>
              <![CDATA[Application opened]]>
            </line>
            <line>
              <![CDATA[Application closed]]>
            </line>
          </reporter-output>
        </test-method> <!-- tc001 -->
      </class> <!-- com.hrms.testscripts.TC001 -->
    </test> <!-- Default test -->
  </suite> <!-- Default suite -->
</testng-results>
